0 info it worked if it ends with ok
1 verbose cli [ '/usr/bin/nodejs', '/usr/bin/npm', 'run', 'lint' ]
2 info using npm@3.10.10
3 info using node@v6.9.5
4 verbose run-script [ 'prelint', 'lint', 'postlint' ]
5 info lifecycle autocomplete-json@5.2.0~prelint: autocomplete-json@5.2.0
6 silly lifecycle autocomplete-json@5.2.0~prelint: no script for prelint, continuing
7 info lifecycle autocomplete-json@5.2.0~lint: autocomplete-json@5.2.0
8 verbose lifecycle autocomplete-json@5.2.0~lint: unsafe-perm in lifecycle true
9 verbose lifecycle autocomplete-json@5.2.0~lint: PATH: /usr/lib/node_modules/npm/bin/node-gyp-bin:/home/bali182/code/autocomplete-json/node_modules/.bin:/home/bali182/bin:/home/bali182/.local/bin:/usr/local/sbin:/usr/local/bin:/usr/sbin:/usr/bin:/sbin:/bin:/usr/games:/usr/local/games:/snap/bin
10 verbose lifecycle autocomplete-json@5.2.0~lint: CWD: /home/bali182/code/autocomplete-json
11 silly lifecycle autocomplete-json@5.2.0~lint: Args: [ '-c', 'eslint src/** --config .eslintrc' ]
12 silly lifecycle autocomplete-json@5.2.0~lint: Returned: code: 1  signal: null
13 info lifecycle autocomplete-json@5.2.0~lint: Failed to exec lint script
14 verbose stack Error: autocomplete-json@5.2.0 lint: `eslint src/** --config .eslintrc`
14 verbose stack Exit status 1
14 verbose stack     at EventEmitter.<anonymous> (/usr/lib/node_modules/npm/lib/utils/lifecycle.js:255:16)
14 verbose stack     at emitTwo (events.js:106:13)
14 verbose stack     at EventEmitter.emit (events.js:191:7)
14 verbose stack     at ChildProcess.<anonymous> (/usr/lib/node_modules/npm/lib/utils/spawn.js:40:14)
14 verbose stack     at emitTwo (events.js:106:13)
14 verbose stack     at ChildProcess.emit (events.js:191:7)
14 verbose stack     at maybeClose (internal/child_process.js:877:16)
14 verbose stack     at Process.ChildProcess._handle.onexit (internal/child_process.js:226:5)
15 verbose pkgid autocomplete-json@5.2.0
16 verbose cwd /home/bali182/code/autocomplete-json
17 error Linux 4.4.0-62-generic
18 error argv "/usr/bin/nodejs" "/usr/bin/npm" "run" "lint"
19 error node v6.9.5
20 error npm  v3.10.10
21 error code ELIFECYCLE
22 error autocomplete-json@5.2.0 lint: `eslint src/** --config .eslintrc`
22 error Exit status 1
23 error Failed at the autocomplete-json@5.2.0 lint script 'eslint src/** --config .eslintrc'.
23 error Make sure you have the latest version of node.js and npm installed.
23 error If you do, this is most likely a problem with the autocomplete-json package,
23 error not with npm itself.
23 error Tell the author that this fails on your system:
23 error     eslint src/** --config .eslintrc
23 error You can get information on how to open an issue for this project with:
23 error     npm bugs autocomplete-json
23 error Or if that isn't available, you can get their info via:
23 error     npm owner ls autocomplete-json
23 error There is likely additional logging output above.
24 verbose exit [ 1, true ]
